Build started 4/22/2017 12:50:26 PM.
     1>Project "D:\PROJECTS.017\IrrlichtTitanic\titanic.000.a03\titanic\titanic.vcxproj" on node 2 (Build target(s)).
     1>ClCompile:
         D:\Program Files\VisualStudio2015\VC\bin\x86_amd64\CL.exe /c /Zi /nologo /W3 /WX- /O2 /Oi /GL /D NDEBUG /D _CONSOLE /D _UNICODE /D UNICODE /Gm- /EHsc /MD /GS /Gy /fp:precise /Zc:wchar_t /Zc:forScope /Zc:inline /Fo"x64\Release\\" /Fd"x64\Release\vc140.pdb" /Gd /TP /errorReport:prompt main.cpp
         main.cpp
     1>main.cpp(148): warning C4244: 'argument': conversion from 'double' to 'irr::f32', possible loss of data
     1>main.cpp(149): warning C4244: 'argument': conversion from 'double' to 'irr::f32', possible loss of data
     1>main.cpp(221): warning C4996: 'strcat': This function or variable may be unsafe. Consider using strcat_s instead. To disable deprecation, use _CRT_SECURE_NO_WARNINGS. See online help for details.
         C:\Program Files (x86)\Windows Kits\10\Include\10.0.10150.0\ucrt\string.h(90): note: see declaration of 'strcat'
         C:\Program Files (x86)\Windows Kits\10\Include\10.0.10150.0\ucrt\string.h(90): note: see declaration of 'strcat'
     1>main.cpp(219): warning C4996: 'localtime': This function or variable may be unsafe. Consider using localtime_s instead. To disable deprecation, use _CRT_SECURE_NO_WARNINGS. See online help for details.
         C:\Program Files (x86)\Windows Kits\10\Include\10.0.10150.0\ucrt\time.h(505): note: see declaration of 'localtime'
     1>main.cpp(220): warning C4996: 'sprintf': This function or variable may be unsafe. Consider using sprintf_s instead. To disable deprecation, use _CRT_SECURE_NO_WARNINGS. See online help for details.
         C:\Program Files (x86)\Windows Kits\10\Include\10.0.10150.0\ucrt\stdio.h(1769): note: see declaration of 'sprintf'
       Link:
         D:\Program Files\VisualStudio2015\VC\bin\x86_amd64\link.exe /ERRORREPORT:PROMPT /OUT:"D:\PROJECTS.017\IrrlichtTitanic\titanic.000.a03\titanic\x64\Release\titanic.exe" /INCREMENTAL:NO /NOLOGO kernel32.lib user32.lib gdi32.lib winspool.lib comdlg32.lib advapi32.lib shell32.lib ole32.lib oleaut32.lib uuid.lib odbc32.lib odbccp32.lib /MANIFEST /MANIFESTUAC:"level='asInvoker' uiAccess='false'" /manifest:embed /Debug /PDB:"D:\PROJECTS.017\IrrlichtTitanic\titanic.000.a03\titanic\x64\Release\titanic.pdb" /SUBSYSTEM:CONSOLE /OPT:REF /OPT:ICF /LTCG:incremental /TLBID:1 /DYNAMICBASE /NXCOMPAT /IMPLIB:"D:\PROJECTS.017\IrrlichtTitanic\titanic.000.a03\titanic\x64\Release\titanic.lib" /MACHINE:X64 x64\Release\CloudSceneNode.obj
         x64\Release\GetThisPath.obj
         x64\Release\main.obj
         x64\Release\RealisticWater.obj
         x64\Release\ScreenShotFactory.obj
         Generating code
         1 of 632 functions ( 0.2%) were compiled, the rest were copied from previous compilation.
           0 functions were new in current compilation
           0 functions had inline decision re-evaluated but remain unchanged
         Finished generating code
         titanic.vcxproj -> D:\PROJECTS.017\IrrlichtTitanic\titanic.000.a03\titanic\x64\Release\titanic.exe
     1>Done Building Project "D:\PROJECTS.017\IrrlichtTitanic\titanic.000.a03\titanic\titanic.vcxproj" (Build target(s)).

Build succeeded.

Time Elapsed 00:00:02.38
